<?xml version="1.0" encoding="UTF-8"?>
<testng-results ignored="0" total="1" passed="1" failed="0" skipped="0">
  <reporter-output>
  </reporter-output>
  <suite started-at="2026-02-04T19:24:06 IST" name="Default suite" finished-at="2026-02-04T19:24:12 IST" duration-ms="6285">
    <groups>
    </groups>
    <test started-at="2026-02-04T19:24:06 IST" name="Default test" finished-at="2026-02-04T19:24:12 IST" duration-ms="6285">
      <class name="tests.LoginTest">
        <test-method is-config="true" signature="setUp()[pri:0, instance:tests.LoginTest@408d971b]" started-at="2026-02-04T19:24:06 IST" name="setUp" finished-at="2026-02-04T19:24:10 IST" duration-ms="3648" status="PASS">
          <reporter-output>
          </reporter-output>
        </test-method> <!-- setUp -->
        <test-method signature="loginTest()[pri:0, instance:tests.LoginTest@408d971b]" started-at="2026-02-04T19:24:10 IST" name="loginTest" finished-at="2026-02-04T19:24:12 IST" duration-ms="2312" status="PASS">
          <reporter-output>
          </reporter-output>
        </test-method> <!-- loginTest -->
        <test-method is-config="true" signature="tearDown()[pri:0, instance:tests.LoginTest@408d971b]" started-at="2026-02-04T19:24:12 IST" name="tearDown" finished-at="2026-02-04T19:24:12 IST" duration-ms="262" status="PASS">
          <reporter-output>
          </reporter-output>
        </test-method> <!-- tearDown -->
      </class> <!-- tests.LoginTest -->
    </test> <!-- Default test -->
  </suite> <!-- Default suite -->
</testng-results>
